Express server has started on port 8080
Connected to mongod server
/api/login
/api/login
/api/login
/api/login
/api/login
/api/login
/api/login
/api/login delete
(node:1917) DeprecationWarning: collection.remove is deprecated. Use deleteOne, deleteMany, or bulkWrite instead.
/api/login
/api/login
/api/login
api/login
post /api/login
/api/login
/api/login
/api/login
/api/login
/api/login
/api/login
/api/login
/api/login
/api/login
/api/login
/api/login
/api/login
/api/login
/api/login
/api/login
/api/login
/api/login
/api/login
/api/login
/api/login
/api/login
/api/login
/api/login
/api/login
/api/login
/api/login
/api/login
/api/login
/api/login
/api/login
/api/login
/api/login
/api/login
/api/login
/api/login
/api/login
/api/login
/api/login
/api/login
/api/login
/api/login
/api/login
/api/login
/api/login
/api/login
/api/login
/api/login
/api/login
/api/login
/api/login
/api/login
/api/login
/api/login
/api/login
/api/login
/api/login
/api/login
/api/login
/api/login
/api/login
/api/login
/api/login
/api/login
/api/login
/api/login
/api/login
/api/login
/api/login
/api/login
/api/login
/api/login
/api/login
/api/login
/api/login delete
/api/login
/api/login
/api/login
/api/login
/api/login
/api/login
/api/login
/api/login
/api/login
/api/login
/api/login
/api/login
/api/login
/api/login
/api/login
/api/login
/api/login
/api/login
api/login
post /api/login
/api/login
/api/login delete
/api/login
/api/login
/api/login
/api/login
/api/login
/api/login
/api/login
/api/login
/api/login
/api/login
/api/login
/api/login
/api/login
/api/login
/api/login
/api/login
/api/login
/api/login
/api/login
/api/login
/api/login
/api/login
/api/login
/api/login
/api/login
/api/login
/api/login
/api/login
/api/login
/api/login
/api/login
/api/login
/api/login
/api/login
/api/login
/api/login
/api/login
/api/login
/api/login
/api/login
/api/login
/api/login
/api/login
/api/login
/api/login
/api/login
/api/login
/api/login
/api/login
/api/login
/api/login
/api/login
/api/login
/api/login
/api/login
/api/login
/api/login
/api/login
/api/login
/api/login
/api/login
/api/login
/api/login
/api/login
/api/login
/api/login
/api/login
/api/login
/api/login
/api/login
/api/login
/api/login
/api/login delete
/api/login
/api/login
/api/login
/api/login
/api/login
/api/login
api/login
post /api/login
/api/login
/api/login
/api/login
/api/login
/api/login
/api/login
