0 info it worked if it ends with ok
1 verbose cli [ '/usr/bin/node', '/usr/bin/npm', 'install', 'express', '-g' ]
2 info using npm@5.6.0
3 info using node@v8.11.4
4 verbose npm-session 067ddaa23992c89c
5 silly install loadCurrentTree
6 silly install readGlobalPackageData
7 http fetch GET 200 https://registry.npmjs.org/express 16ms (from cache)
8 silly pacote tag manifest for express@latest fetched in 44ms
9 silly install loadIdealTree
10 silly install cloneCurrentTreeToIdealTree
11 silly install loadShrinkwrap
12 silly install loadAllDepsIntoIdealTree
13 silly resolveWithNewModule express@4.16.3 checking installable status
14 http fetch GET 200 https://registry.npmjs.org/accepts 36ms (from cache)
15 http fetch GET 200 https://registry.npmjs.org/array-flatten 36ms (from cache)
16 http fetch GET 200 https://registry.npmjs.org/body-parser 36ms (from cache)
17 http fetch GET 200 https://registry.npmjs.org/content-disposition 37ms (from cache)
18 http fetch GET 200 https://registry.npmjs.org/content-type 36ms (from cache)
19 http fetch GET 200 https://registry.npmjs.org/cookie 36ms (from cache)
20 http fetch GET 200 https://registry.npmjs.org/cookie-signature 35ms (from cache)
21 http fetch GET 200 https://registry.npmjs.org/debug 36ms (from cache)
22 http fetch GET 200 https://registry.npmjs.org/depd 35ms (from cache)
23 http fetch GET 200 https://registry.npmjs.org/encodeurl 29ms (from cache)
24 silly pacote range manifest for accepts@~1.3.5 fetched in 44ms
25 silly resolveWithNewModule accepts@1.3.5 checking installable status
26 silly pacote version manifest for array-flatten@1.1.1 fetched in 44ms
27 silly resolveWithNewModule array-flatten@1.1.1 checking installable status
28 silly pacote version manifest for body-parser@1.18.2 fetched in 44ms
29 silly resolveWithNewModule body-parser@1.18.2 checking installable status
30 silly pacote version manifest for content-disposition@0.5.2 fetched in 45ms
31 silly resolveWithNewModule content-disposition@0.5.2 checking installable status
32 silly pacote range manifest for content-type@~1.0.4 fetched in 45ms
33 silly resolveWithNewModule content-type@1.0.4 checking installable status
34 silly pacote version manifest for cookie@0.3.1 fetched in 46ms
35 silly resolveWithNewModule cookie@0.3.1 checking installable status
36 silly pacote version manifest for cookie-signature@1.0.6 fetched in 46ms
37 silly resolveWithNewModule cookie-signature@1.0.6 checking installable status
38 silly pacote version manifest for debug@2.6.9 fetched in 47ms
39 silly resolveWithNewModule debug@2.6.9 checking installable status
40 silly pacote range manifest for depd@~1.1.2 fetched in 46ms
41 silly resolveWithNewModule depd@1.1.2 checking installable status
42 silly pacote range manifest for encodeurl@~1.0.2 fetched in 47ms
43 silly resolveWithNewModule encodeurl@1.0.2 checking installable status
44 http fetch GET 200 https://registry.npmjs.org/escape-html 23ms (from cache)
45 http fetch GET 200 https://registry.npmjs.org/etag 22ms (from cache)
46 http fetch GET 200 https://registry.npmjs.org/finalhandler 22ms (from cache)
47 http fetch GET 200 https://registry.npmjs.org/fresh 22ms (from cache)
48 http fetch GET 200 https://registry.npmjs.org/merge-descriptors 23ms (from cache)
49 http fetch GET 200 https://registry.npmjs.org/methods 22ms (from cache)
50 http fetch GET 200 https://registry.npmjs.org/on-finished 22ms (from cache)
51 http fetch GET 200 https://registry.npmjs.org/parseurl 22ms (from cache)
52 http fetch GET 200 https://registry.npmjs.org/path-to-regexp 21ms (from cache)
53 http fetch GET 200 https://registry.npmjs.org/proxy-addr 22ms (from cache)
54 silly pacote range manifest for escape-html@~1.0.3 fetched in 54ms
55 silly resolveWithNewModule escape-html@1.0.3 checking installable status
56 silly pacote range manifest for etag@~1.8.1 fetched in 55ms
57 silly resolveWithNewModule etag@1.8.1 checking installable status
58 silly pacote version manifest for finalhandler@1.1.1 fetched in 55ms
59 silly resolveWithNewModule finalhandler@1.1.1 checking installable status
60 silly pacote version manifest for fresh@0.5.2 fetched in 56ms
61 silly resolveWithNewModule fresh@0.5.2 checking installable status
62 silly pacote version manifest for merge-descriptors@1.0.1 fetched in 57ms
63 silly resolveWithNewModule merge-descriptors@1.0.1 checking installable status
64 silly pacote range manifest for methods@~1.1.2 fetched in 56ms
65 silly resolveWithNewModule methods@1.1.2 checking installable status
66 silly pacote range manifest for on-finished@~2.3.0 fetched in 57ms
67 silly resolveWithNewModule on-finished@2.3.0 checking installable status
68 silly pacote range manifest for parseurl@~1.3.2 fetched in 58ms
69 silly resolveWithNewModule parseurl@1.3.2 checking installable status
70 silly pacote version manifest for path-to-regexp@0.1.7 fetched in 58ms
71 silly resolveWithNewModule path-to-regexp@0.1.7 checking installable status
72 silly pacote range manifest for proxy-addr@~2.0.3 fetched in 58ms
73 silly resolveWithNewModule proxy-addr@2.0.4 checking installable status
74 http fetch GET 200 https://registry.npmjs.org/qs 22ms (from cache)
75 http fetch GET 200 https://registry.npmjs.org/range-parser 23ms (from cache)
76 http fetch GET 200 https://registry.npmjs.org/safe-buffer 22ms (from cache)
77 http fetch GET 200 https://registry.npmjs.org/send 22ms (from cache)
78 http fetch GET 200 https://registry.npmjs.org/serve-static 23ms (from cache)
79 http fetch GET 200 https://registry.npmjs.org/setprototypeof 22ms (from cache)
80 http fetch GET 200 https://registry.npmjs.org/statuses 22ms (from cache)
81 http fetch GET 200 https://registry.npmjs.org/type-is 23ms (from cache)
82 http fetch GET 200 https://registry.npmjs.org/utils-merge 22ms (from cache)
83 http fetch GET 200 https://registry.npmjs.org/vary 22ms (from cache)
84 silly pacote version manifest for qs@6.5.1 fetched in 29ms
85 silly resolveWithNewModule qs@6.5.1 checking installable status
86 silly pacote range manifest for range-parser@~1.2.0 fetched in 29ms
87 silly resolveWithNewModule range-parser@1.2.0 checking installable status
88 silly pacote version manifest for safe-buffer@5.1.1 fetched in 29ms
89 silly resolveWithNewModule safe-buffer@5.1.1 checking installable status
90 silly pacote version manifest for send@0.16.2 fetched in 29ms
91 silly resolveWithNewModule send@0.16.2 checking installable status
92 silly pacote version manifest for serve-static@1.13.2 fetched in 30ms
93 silly resolveWithNewModule serve-static@1.13.2 checking installable status
94 silly pacote version manifest for setprototypeof@1.1.0 fetched in 29ms
95 silly resolveWithNewModule setprototypeof@1.1.0 checking installable status
96 silly pacote range manifest for statuses@~1.4.0 fetched in 30ms
97 silly resolveWithNewModule statuses@1.4.0 checking installable status
98 silly pacote range manifest for type-is@~1.6.16 fetched in 30ms
99 silly resolveWithNewModule type-is@1.6.16 checking installable status
100 silly pacote version manifest for utils-merge@1.0.1 fetched in 30ms
101 silly resolveWithNewModule utils-merge@1.0.1 checking installable status
102 silly pacote range manifest for vary@~1.1.2 fetched in 31ms
103 silly resolveWithNewModule vary@1.1.2 checking installable status
104 http fetch GET 200 https://registry.npmjs.org/mime-types 2ms (from cache)
105 http fetch GET 200 https://registry.npmjs.org/negotiator 3ms (from cache)
106 silly pacote range manifest for mime-types@~2.1.18 fetched in 4ms
107 silly resolveWithNewModule mime-types@2.1.20 checking installable status
108 silly pacote version manifest for negotiator@0.6.1 fetched in 5ms
109 silly resolveWithNewModule negotiator@0.6.1 checking installable status
110 http fetch GET 200 https://registry.npmjs.org/mime-db 1ms (from cache)
111 silly pacote range manifest for mime-db@~1.36.0 fetched in 3ms
112 silly resolveWithNewModule mime-db@1.36.0 checking installable status
113 http fetch GET 200 https://registry.npmjs.org/bytes 9ms (from cache)
114 http fetch GET 200 https://registry.npmjs.org/http-errors 10ms (from cache)
115 http fetch GET 200 https://registry.npmjs.org/iconv-lite 9ms (from cache)
116 http fetch GET 200 https://registry.npmjs.org/raw-body 10ms (from cache)
117 silly pacote version manifest for bytes@3.0.0 fetched in 13ms
118 silly resolveWithNewModule bytes@3.0.0 checking installable status
119 silly pacote range manifest for http-errors@~1.6.2 fetched in 13ms
120 silly resolveWithNewModule http-errors@1.6.3 checking installable status
121 silly pacote version manifest for iconv-lite@0.4.19 fetched in 13ms
122 silly resolveWithNewModule iconv-lite@0.4.19 checking installable status
123 silly pacote version manifest for raw-body@2.3.2 fetched in 14ms
124 silly resolveWithNewModule raw-body@2.3.2 checking installable status
125 http fetch GET 200 https://registry.npmjs.org/ms 2ms (from cache)
126 silly pacote version manifest for ms@2.0.0 fetched in 3ms
127 silly resolveWithNewModule ms@2.0.0 checking installable status
128 http fetch GET 200 https://registry.npmjs.org/inherits 2ms (from cache)
129 silly pacote version manifest for inherits@2.0.3 fetched in 3ms
130 silly resolveWithNewModule inherits@2.0.3 checking installable status
131 http fetch GET 200 https://registry.npmjs.org/ee-first 1ms (from cache)
132 silly pacote version manifest for ee-first@1.1.1 fetched in 2ms
133 silly resolveWithNewModule ee-first@1.1.1 checking installable status
134 silly pacote version manifest for http-errors@1.6.2 fetched in 1ms
135 silly resolveWithNewModule http-errors@1.6.2 checking installable status
136 http fetch GET 200 https://registry.npmjs.org/unpipe 3ms (from cache)
137 silly pacote version manifest for unpipe@1.0.0 fetched in 3ms
138 silly resolveWithNewModule unpipe@1.0.0 checking installable status
139 silly pacote version manifest for depd@1.1.1 fetched in 1ms
140 silly resolveWithNewModule depd@1.1.1 checking installable status
141 silly pacote version manifest for setprototypeof@1.0.3 fetched in 2ms
142 silly resolveWithNewModule setprototypeof@1.0.3 checking installable status
143 http fetch GET 200 https://registry.npmjs.org/media-typer 2ms (from cache)
144 silly pacote version manifest for media-typer@0.3.0 fetched in 2ms
145 silly resolveWithNewModule media-typer@0.3.0 checking installable status
146 http fetch GET 200 https://registry.npmjs.org/forwarded 3ms (from cache)
147 http fetch GET 200 https://registry.npmjs.org/ipaddr.js 3ms (from cache)
148 silly pacote range manifest for forwarded@~0.1.2 fetched in 5ms
149 silly resolveWithNewModule forwarded@0.1.2 checking installable status
150 silly pacote version manifest for ipaddr.js@1.8.0 fetched in 5ms
151 silly resolveWithNewModule ipaddr.js@1.8.0 checking installable status
152 http fetch GET 200 https://registry.npmjs.org/destroy 3ms (from cache)
153 http fetch GET 200 https://registry.npmjs.org/mime 3ms (from cache)
154 silly pacote range manifest for destroy@~1.0.4 fetched in 5ms
155 silly resolveWithNewModule destroy@1.0.4 checking installable status
156 silly pacote version manifest for mime@1.4.1 fetched in 5ms
157 silly resolveWithNewModule mime@1.4.1 checking installable status
158 silly currentTree lib
159 silly idealTree lib
159 silly idealTree └─┬ express@4.16.3
159 silly idealTree   ├── accepts@1.3.5
159 silly idealTree   ├── array-flatten@1.1.1
159 silly idealTree   ├── body-parser@1.18.2
159 silly idealTree   ├── bytes@3.0.0
159 silly idealTree   ├── content-disposition@0.5.2
159 silly idealTree   ├── content-type@1.0.4
159 silly idealTree   ├── cookie-signature@1.0.6
159 silly idealTree   ├── cookie@0.3.1
159 silly idealTree   ├── debug@2.6.9
159 silly idealTree   ├── depd@1.1.2
159 silly idealTree   ├── destroy@1.0.4
159 silly idealTree   ├── ee-first@1.1.1
159 silly idealTree   ├── encodeurl@1.0.2
159 silly idealTree   ├── escape-html@1.0.3
159 silly idealTree   ├── etag@1.8.1
159 silly idealTree   ├── finalhandler@1.1.1
159 silly idealTree   ├── forwarded@0.1.2
159 silly idealTree   ├── fresh@0.5.2
159 silly idealTree   ├── http-errors@1.6.3
159 silly idealTree   ├── iconv-lite@0.4.19
159 silly idealTree   ├── inherits@2.0.3
159 silly idealTree   ├── ipaddr.js@1.8.0
159 silly idealTree   ├── media-typer@0.3.0
159 silly idealTree   ├── merge-descriptors@1.0.1
159 silly idealTree   ├── methods@1.1.2
159 silly idealTree   ├── mime-db@1.36.0
159 silly idealTree   ├── mime-types@2.1.20
159 silly idealTree   ├── mime@1.4.1
159 silly idealTree   ├── ms@2.0.0
159 silly idealTree   ├── negotiator@0.6.1
159 silly idealTree   ├── on-finished@2.3.0
159 silly idealTree   ├── parseurl@1.3.2
159 silly idealTree   ├── path-to-regexp@0.1.7
159 silly idealTree   ├── proxy-addr@2.0.4
159 silly idealTree   ├── qs@6.5.1
159 silly idealTree   ├── range-parser@1.2.0
159 silly idealTree   ├─┬ raw-body@2.3.2
159 silly idealTree   │ ├── depd@1.1.1
159 silly idealTree   │ ├── http-errors@1.6.2
159 silly idealTree   │ └── setprototypeof@1.0.3
159 silly idealTree   ├── safe-buffer@5.1.1
159 silly idealTree   ├── send@0.16.2
159 silly idealTree   ├── serve-static@1.13.2
159 silly idealTree   ├── setprototypeof@1.1.0
159 silly idealTree   ├── statuses@1.4.0
159 silly idealTree   ├── type-is@1.6.16
159 silly idealTree   ├── unpipe@1.0.0
159 silly idealTree   ├── utils-merge@1.0.1
159 silly idealTree   └── vary@1.1.2
160 silly install generateActionsToTake
161 warn checkPermissions Missing write access to /usr/lib/node_modules
162 verbose stack Error: EACCES: permission denied, access '/usr/lib/node_modules'
163 verbose cwd /home/ubuntu
164 verbose Linux 4.4.0-1065-aws
165 verbose argv "/usr/bin/node" "/usr/bin/npm" "install" "express" "-g"
166 verbose node v8.11.4
167 verbose npm  v5.6.0
168 error path /usr/lib/node_modules
169 error code EACCES
170 error errno -13
171 error syscall access
172 error Error: EACCES: permission denied, access '/usr/lib/node_modules'
172 error  { Error: EACCES: permission denied, access '/usr/lib/node_modules'
172 error   stack: 'Error: EACCES: permission denied, access \'/usr/lib/node_modules\'',
172 error   errno: -13,
172 error   code: 'EACCES',
172 error   syscall: 'access',
172 error   path: '/usr/lib/node_modules' }
173 error Please try running this command again as root/Administrator.
174 verbose exit [ -13, true ]
