0 info it worked if it ends with ok
1 verbose cli [ '/usr/bin/node', '/usr/bin/npm', 'install', '--save', 'express' ]
2 info using npm@5.6.0
3 info using node@v8.11.4
4 verbose config Skipping project config: /home/ubuntu/.npmrc. (matches userconfig)
5 verbose npm-session 9a0791a3a9e5bb35
6 silly install loadCurrentTree
7 silly install readLocalPackageData
8 http fetch GET 200 https://registry.npmjs.org/express 16ms (from cache)
9 silly pacote tag manifest for express@latest fetched in 43ms
10 silly install loadIdealTree
11 silly install cloneCurrentTreeToIdealTree
12 silly install loadShrinkwrap
13 silly install loadAllDepsIntoIdealTree
14 silly resolveWithNewModule express@4.16.3 checking installable status
15 http fetch GET 200 https://registry.npmjs.org/accepts 37ms (from cache)
16 http fetch GET 200 https://registry.npmjs.org/array-flatten 36ms (from cache)
17 http fetch GET 200 https://registry.npmjs.org/body-parser 35ms (from cache)
18 http fetch GET 200 https://registry.npmjs.org/content-disposition 36ms (from cache)
19 http fetch GET 200 https://registry.npmjs.org/content-type 35ms (from cache)
20 http fetch GET 200 https://registry.npmjs.org/cookie 36ms (from cache)
21 http fetch GET 200 https://registry.npmjs.org/cookie-signature 35ms (from cache)
22 http fetch GET 200 https://registry.npmjs.org/debug 35ms (from cache)
23 http fetch GET 200 https://registry.npmjs.org/depd 35ms (from cache)
24 http fetch GET 200 https://registry.npmjs.org/encodeurl 28ms (from cache)
25 silly pacote range manifest for accepts@~1.3.5 fetched in 43ms
26 silly resolveWithNewModule accepts@1.3.5 checking installable status
27 silly pacote version manifest for array-flatten@1.1.1 fetched in 44ms
28 silly resolveWithNewModule array-flatten@1.1.1 checking installable status
29 silly pacote version manifest for body-parser@1.18.2 fetched in 44ms
30 silly resolveWithNewModule body-parser@1.18.2 checking installable status
31 silly pacote version manifest for content-disposition@0.5.2 fetched in 44ms
32 silly resolveWithNewModule content-disposition@0.5.2 checking installable status
33 silly pacote range manifest for content-type@~1.0.4 fetched in 44ms
34 silly resolveWithNewModule content-type@1.0.4 checking installable status
35 silly pacote version manifest for cookie@0.3.1 fetched in 45ms
36 silly resolveWithNewModule cookie@0.3.1 checking installable status
37 silly pacote version manifest for cookie-signature@1.0.6 fetched in 45ms
38 silly resolveWithNewModule cookie-signature@1.0.6 checking installable status
39 silly pacote version manifest for debug@2.6.9 fetched in 45ms
40 silly resolveWithNewModule debug@2.6.9 checking installable status
41 silly pacote range manifest for depd@~1.1.2 fetched in 46ms
42 silly resolveWithNewModule depd@1.1.2 checking installable status
43 silly pacote range manifest for encodeurl@~1.0.2 fetched in 39ms
44 silly resolveWithNewModule encodeurl@1.0.2 checking installable status
45 http fetch GET 200 https://registry.npmjs.org/escape-html 21ms (from cache)
46 http fetch GET 200 https://registry.npmjs.org/etag 21ms (from cache)
47 http fetch GET 200 https://registry.npmjs.org/finalhandler 22ms (from cache)
48 http fetch GET 200 https://registry.npmjs.org/fresh 21ms (from cache)
49 http fetch GET 200 https://registry.npmjs.org/merge-descriptors 21ms (from cache)
50 http fetch GET 200 https://registry.npmjs.org/methods 21ms (from cache)
51 http fetch GET 200 https://registry.npmjs.org/on-finished 21ms (from cache)
52 http fetch GET 200 https://registry.npmjs.org/parseurl 21ms (from cache)
53 http fetch GET 200 https://registry.npmjs.org/path-to-regexp 21ms (from cache)
54 http fetch GET 200 https://registry.npmjs.org/proxy-addr 21ms (from cache)
55 silly pacote range manifest for escape-html@~1.0.3 fetched in 53ms
56 silly resolveWithNewModule escape-html@1.0.3 checking installable status
57 silly pacote range manifest for etag@~1.8.1 fetched in 54ms
58 silly resolveWithNewModule etag@1.8.1 checking installable status
59 silly pacote version manifest for finalhandler@1.1.1 fetched in 55ms
60 silly resolveWithNewModule finalhandler@1.1.1 checking installable status
61 silly pacote version manifest for fresh@0.5.2 fetched in 54ms
62 silly resolveWithNewModule fresh@0.5.2 checking installable status
63 silly pacote version manifest for merge-descriptors@1.0.1 fetched in 55ms
64 silly resolveWithNewModule merge-descriptors@1.0.1 checking installable status
65 silly pacote range manifest for methods@~1.1.2 fetched in 56ms
66 silly resolveWithNewModule methods@1.1.2 checking installable status
67 silly pacote range manifest for on-finished@~2.3.0 fetched in 56ms
68 silly resolveWithNewModule on-finished@2.3.0 checking installable status
69 silly pacote range manifest for parseurl@~1.3.2 fetched in 56ms
70 silly resolveWithNewModule parseurl@1.3.2 checking installable status
71 silly pacote version manifest for path-to-regexp@0.1.7 fetched in 57ms
72 silly resolveWithNewModule path-to-regexp@0.1.7 checking installable status
73 silly pacote range manifest for proxy-addr@~2.0.3 fetched in 58ms
74 silly resolveWithNewModule proxy-addr@2.0.4 checking installable status
75 http fetch GET 200 https://registry.npmjs.org/qs 21ms (from cache)
76 http fetch GET 200 https://registry.npmjs.org/range-parser 22ms (from cache)
77 http fetch GET 200 https://registry.npmjs.org/safe-buffer 21ms (from cache)
78 http fetch GET 200 https://registry.npmjs.org/send 21ms (from cache)
79 http fetch GET 200 https://registry.npmjs.org/serve-static 22ms (from cache)
80 http fetch GET 200 https://registry.npmjs.org/setprototypeof 21ms (from cache)
81 http fetch GET 200 https://registry.npmjs.org/statuses 21ms (from cache)
82 http fetch GET 200 https://registry.npmjs.org/type-is 22ms (from cache)
83 http fetch GET 200 https://registry.npmjs.org/utils-merge 22ms (from cache)
84 http fetch GET 200 https://registry.npmjs.org/vary 21ms (from cache)
85 silly pacote version manifest for qs@6.5.1 fetched in 28ms
86 silly resolveWithNewModule qs@6.5.1 checking installable status
87 silly pacote range manifest for range-parser@~1.2.0 fetched in 28ms
88 silly resolveWithNewModule range-parser@1.2.0 checking installable status
89 silly pacote version manifest for safe-buffer@5.1.1 fetched in 28ms
90 silly resolveWithNewModule safe-buffer@5.1.1 checking installable status
91 silly pacote version manifest for send@0.16.2 fetched in 28ms
92 silly resolveWithNewModule send@0.16.2 checking installable status
93 silly pacote version manifest for serve-static@1.13.2 fetched in 29ms
94 silly resolveWithNewModule serve-static@1.13.2 checking installable status
95 silly pacote version manifest for setprototypeof@1.1.0 fetched in 29ms
96 silly resolveWithNewModule setprototypeof@1.1.0 checking installable status
97 silly pacote range manifest for statuses@~1.4.0 fetched in 29ms
98 silly resolveWithNewModule statuses@1.4.0 checking installable status
99 silly pacote range manifest for type-is@~1.6.16 fetched in 29ms
100 silly resolveWithNewModule type-is@1.6.16 checking installable status
101 silly pacote version manifest for utils-merge@1.0.1 fetched in 30ms
102 silly resolveWithNewModule utils-merge@1.0.1 checking installable status
103 silly pacote range manifest for vary@~1.1.2 fetched in 30ms
104 silly resolveWithNewModule vary@1.1.2 checking installable status
105 http fetch GET 200 https://registry.npmjs.org/mime-types 3ms (from cache)
106 http fetch GET 200 https://registry.npmjs.org/negotiator 2ms (from cache)
107 silly pacote range manifest for mime-types@~2.1.18 fetched in 5ms
108 silly resolveWithNewModule mime-types@2.1.20 checking installable status
109 silly pacote version manifest for negotiator@0.6.1 fetched in 4ms
110 silly resolveWithNewModule negotiator@0.6.1 checking installable status
111 http fetch GET 200 https://registry.npmjs.org/mime-db 2ms (from cache)
112 silly pacote range manifest for mime-db@~1.36.0 fetched in 3ms
113 silly resolveWithNewModule mime-db@1.36.0 checking installable status
114 http fetch GET 200 https://registry.npmjs.org/bytes 10ms (from cache)
115 http fetch GET 200 https://registry.npmjs.org/http-errors 9ms (from cache)
116 http fetch GET 200 https://registry.npmjs.org/iconv-lite 10ms (from cache)
117 http fetch GET 200 https://registry.npmjs.org/raw-body 10ms (from cache)
118 silly pacote version manifest for bytes@3.0.0 fetched in 13ms
119 silly resolveWithNewModule bytes@3.0.0 checking installable status
120 silly pacote range manifest for http-errors@~1.6.2 fetched in 13ms
121 silly resolveWithNewModule http-errors@1.6.3 checking installable status
122 silly pacote version manifest for iconv-lite@0.4.19 fetched in 14ms
123 silly resolveWithNewModule iconv-lite@0.4.19 checking installable status
124 silly pacote version manifest for raw-body@2.3.2 fetched in 14ms
125 silly resolveWithNewModule raw-body@2.3.2 checking installable status
126 http fetch GET 200 https://registry.npmjs.org/ms 1ms (from cache)
127 silly pacote version manifest for ms@2.0.0 fetched in 2ms
128 silly resolveWithNewModule ms@2.0.0 checking installable status
129 http fetch GET 200 https://registry.npmjs.org/inherits 2ms (from cache)
130 silly pacote version manifest for inherits@2.0.3 fetched in 3ms
131 silly resolveWithNewModule inherits@2.0.3 checking installable status
132 http fetch GET 200 https://registry.npmjs.org/ee-first 2ms (from cache)
133 silly pacote version manifest for ee-first@1.1.1 fetched in 2ms
134 silly resolveWithNewModule ee-first@1.1.1 checking installable status
135 silly pacote version manifest for http-errors@1.6.2 fetched in 2ms
136 silly resolveWithNewModule http-errors@1.6.2 checking installable status
137 http fetch GET 200 https://registry.npmjs.org/unpipe 2ms (from cache)
138 silly pacote version manifest for unpipe@1.0.0 fetched in 4ms
139 silly resolveWithNewModule unpipe@1.0.0 checking installable status
140 silly pacote version manifest for depd@1.1.1 fetched in 1ms
141 silly resolveWithNewModule depd@1.1.1 checking installable status
142 silly pacote version manifest for setprototypeof@1.0.3 fetched in 1ms
143 silly resolveWithNewModule setprototypeof@1.0.3 checking installable status
144 http fetch GET 200 https://registry.npmjs.org/media-typer 2ms (from cache)
145 silly pacote version manifest for media-typer@0.3.0 fetched in 2ms
146 silly resolveWithNewModule media-typer@0.3.0 checking installable status
147 http fetch GET 200 https://registry.npmjs.org/forwarded 3ms (from cache)
148 http fetch GET 200 https://registry.npmjs.org/ipaddr.js 3ms (from cache)
149 silly pacote range manifest for forwarded@~0.1.2 fetched in 4ms
150 silly resolveWithNewModule forwarded@0.1.2 checking installable status
151 silly pacote version manifest for ipaddr.js@1.8.0 fetched in 5ms
152 silly resolveWithNewModule ipaddr.js@1.8.0 checking installable status
153 http fetch GET 200 https://registry.npmjs.org/destroy 3ms (from cache)
154 http fetch GET 200 https://registry.npmjs.org/mime 4ms (from cache)
155 silly pacote range manifest for destroy@~1.0.4 fetched in 5ms
156 silly resolveWithNewModule destroy@1.0.4 checking installable status
157 silly pacote version manifest for mime@1.4.1 fetched in 5ms
158 silly resolveWithNewModule mime@1.4.1 checking installable status
159 silly currentTree ubuntu
160 silly idealTree ubuntu
160 silly idealTree ├── accepts@1.3.5
160 silly idealTree ├── array-flatten@1.1.1
160 silly idealTree ├── body-parser@1.18.2
160 silly idealTree ├── bytes@3.0.0
160 silly idealTree ├── content-disposition@0.5.2
160 silly idealTree ├── content-type@1.0.4
160 silly idealTree ├── cookie-signature@1.0.6
160 silly idealTree ├── cookie@0.3.1
160 silly idealTree ├── debug@2.6.9
160 silly idealTree ├── depd@1.1.2
160 silly idealTree ├── destroy@1.0.4
160 silly idealTree ├── ee-first@1.1.1
160 silly idealTree ├── encodeurl@1.0.2
160 silly idealTree ├── escape-html@1.0.3
160 silly idealTree ├── etag@1.8.1
160 silly idealTree ├── express@4.16.3
160 silly idealTree ├── finalhandler@1.1.1
160 silly idealTree ├── forwarded@0.1.2
160 silly idealTree ├── fresh@0.5.2
160 silly idealTree ├── http-errors@1.6.3
160 silly idealTree ├── iconv-lite@0.4.19
160 silly idealTree ├── inherits@2.0.3
160 silly idealTree ├── ipaddr.js@1.8.0
160 silly idealTree ├── media-typer@0.3.0
160 silly idealTree ├── merge-descriptors@1.0.1
160 silly idealTree ├── methods@1.1.2
160 silly idealTree ├── mime-db@1.36.0
160 silly idealTree ├── mime-types@2.1.20
160 silly idealTree ├── mime@1.4.1
160 silly idealTree ├── ms@2.0.0
160 silly idealTree ├── negotiator@0.6.1
160 silly idealTree ├── on-finished@2.3.0
160 silly idealTree ├── parseurl@1.3.2
160 silly idealTree ├── path-to-regexp@0.1.7
160 silly idealTree ├── proxy-addr@2.0.4
160 silly idealTree ├── qs@6.5.1
160 silly idealTree ├── range-parser@1.2.0
160 silly idealTree ├─┬ raw-body@2.3.2
160 silly idealTree │ ├── depd@1.1.1
160 silly idealTree │ ├── http-errors@1.6.2
160 silly idealTree │ └── setprototypeof@1.0.3
160 silly idealTree ├── safe-buffer@5.1.1
160 silly idealTree ├── send@0.16.2
160 silly idealTree ├── serve-static@1.13.2
160 silly idealTree ├── setprototypeof@1.1.0
160 silly idealTree ├── statuses@1.4.0
160 silly idealTree ├── type-is@1.6.16
160 silly idealTree ├── unpipe@1.0.0
160 silly idealTree ├── utils-merge@1.0.1
160 silly idealTree └── vary@1.1.2
161 silly install generateActionsToTake
162 warn checkPermissions Missing write access to /home/ubuntu/node_modules
163 silly saveTree ubuntu
163 silly saveTree └─┬ express@4.16.3
163 silly saveTree   ├─┬ accepts@1.3.5
163 silly saveTree   │ ├─┬ mime-types@2.1.20
163 silly saveTree   │ │ └── mime-db@1.36.0
163 silly saveTree   │ └── negotiator@0.6.1
163 silly saveTree   ├── array-flatten@1.1.1
163 silly saveTree   ├─┬ body-parser@1.18.2
163 silly saveTree   │ ├── bytes@3.0.0
163 silly saveTree   │ ├── content-type@1.0.4
163 silly saveTree   │ ├─┬ debug@2.6.9
163 silly saveTree   │ │ └── ms@2.0.0
163 silly saveTree   │ ├── depd@1.1.2
163 silly saveTree   │ ├─┬ http-errors@1.6.3
163 silly saveTree   │ │ ├── inherits@2.0.3
163 silly saveTree   │ │ ├── setprototypeof@1.1.0
163 silly saveTree   │ │ └── statuses@1.4.0
163 silly saveTree   │ ├── iconv-lite@0.4.19
163 silly saveTree   │ ├─┬ on-finished@2.3.0
163 silly saveTree   │ │ └── ee-first@1.1.1
163 silly saveTree   │ ├── qs@6.5.1
163 silly saveTree   │ ├─┬ raw-body@2.3.2
163 silly saveTree   │ │ ├─┬ http-errors@1.6.2
163 silly saveTree   │ │ │ ├── depd@1.1.1
163 silly saveTree   │ │ │ └── setprototypeof@1.0.3
163 silly saveTree   │ │ └── unpipe@1.0.0
163 silly saveTree   │ └─┬ type-is@1.6.16
163 silly saveTree   │   └── media-typer@0.3.0
163 silly saveTree   ├── content-disposition@0.5.2
163 silly saveTree   ├── content-type@1.0.4
163 silly saveTree   ├── cookie-signature@1.0.6
163 silly saveTree   ├── cookie@0.3.1
163 silly saveTree   ├── debug@2.6.9
163 silly saveTree   ├── depd@1.1.2
163 silly saveTree   ├── encodeurl@1.0.2
163 silly saveTree   ├── escape-html@1.0.3
163 silly saveTree   ├── etag@1.8.1
163 silly saveTree   ├─┬ finalhandler@1.1.1
163 silly saveTree   │ └── parseurl@1.3.2
163 silly saveTree   ├── fresh@0.5.2
163 silly saveTree   ├── merge-descriptors@1.0.1
163 silly saveTree   ├── methods@1.1.2
163 silly saveTree   ├── on-finished@2.3.0
163 silly saveTree   ├── parseurl@1.3.2
163 silly saveTree   ├── path-to-regexp@0.1.7
163 silly saveTree   ├─┬ proxy-addr@2.0.4
163 silly saveTree   │ ├── forwarded@0.1.2
163 silly saveTree   │ └── ipaddr.js@1.8.0
163 silly saveTree   ├── qs@6.5.1
163 silly saveTree   ├── range-parser@1.2.0
163 silly saveTree   ├── safe-buffer@5.1.1
163 silly saveTree   ├─┬ send@0.16.2
163 silly saveTree   │ ├── destroy@1.0.4
163 silly saveTree   │ └── mime@1.4.1
163 silly saveTree   ├── serve-static@1.13.2
163 silly saveTree   ├── setprototypeof@1.1.0
163 silly saveTree   ├── statuses@1.4.0
163 silly saveTree   ├── type-is@1.6.16
163 silly saveTree   ├── utils-merge@1.0.1
163 silly saveTree   └── vary@1.1.2
164 warn enoent ENOENT: no such file or directory, open '/home/ubuntu/package.json'
165 verbose enoent This is related to npm not being able to find a file.
166 warn ubuntu No description
167 warn ubuntu No repository field.
168 warn ubuntu No README data
169 warn ubuntu No license field.
170 verbose stack Error: EACCES: permission denied, access '/home/ubuntu/node_modules'
171 verbose cwd /home/ubuntu
172 verbose Linux 4.4.0-1065-aws
173 verbose argv "/usr/bin/node" "/usr/bin/npm" "install" "--save" "express"
174 verbose node v8.11.4
175 verbose npm  v5.6.0
176 error path /home/ubuntu/node_modules
177 error code EACCES
178 error errno -13
179 error syscall access
180 error Error: EACCES: permission denied, access '/home/ubuntu/node_modules'
180 error  { Error: EACCES: permission denied, access '/home/ubuntu/node_modules'
180 error   stack: 'Error: EACCES: permission denied, access \'/home/ubuntu/node_modules\'',
180 error   errno: -13,
180 error   code: 'EACCES',
180 error   syscall: 'access',
180 error   path: '/home/ubuntu/node_modules' }
181 error Please try running this command again as root/Administrator.
182 verbose exit [ -13, true ]
