0 info it worked if it ends with ok
1 verbose cli [ '/usr/bin/node',
1 verbose cli   '/usr/bin/npm',
1 verbose cli   'install',
1 verbose cli   '--save',
1 verbose cli   'sequlize' ]
2 info using npm@5.6.0
3 info using node@v8.11.4
4 verbose config Skipping project config: /home/ubuntu/.npmrc. (matches userconfig)
5 verbose npm-session b55ffccd90c9d451
6 silly install loadCurrentTree
7 silly install readLocalPackageData
8 http fetch GET 404 https://registry.npmjs.org/sequlize 691ms
9 silly fetchPackageMetaData error for sequlize@latest 404 Not Found: sequlize@latest
10 verbose stack Error: 404 Not Found: sequlize@latest
10 verbose stack     at fetch.then.res (/usr/lib/node_modules/npm/node_modules/pacote/lib/fetchers/registry/fetch.js:42:19)
10 verbose stack     at tryCatcher (/usr/lib/node_modules/npm/node_modules/bluebird/js/release/util.js:16:23)
10 verbose stack     at Promise._settlePromiseFromHandler (/usr/lib/node_modules/npm/node_modules/bluebird/js/release/promise.js:512:31)
10 verbose stack     at Promise._settlePromise (/usr/lib/node_modules/npm/node_modules/bluebird/js/release/promise.js:569:18)
10 verbose stack     at Promise._settlePromise0 (/usr/lib/node_modules/npm/node_modules/bluebird/js/release/promise.js:614:10)
10 verbose stack     at Promise._settlePromises (/usr/lib/node_modules/npm/node_modules/bluebird/js/release/promise.js:693:18)
10 verbose stack     at Async._drainQueue (/usr/lib/node_modules/npm/node_modules/bluebird/js/release/async.js:133:16)
10 verbose stack     at Async._drainQueues (/usr/lib/node_modules/npm/node_modules/bluebird/js/release/async.js:143:10)
10 verbose stack     at Immediate.Async.drainQueues (/usr/lib/node_modules/npm/node_modules/bluebird/js/release/async.js:17:14)
10 verbose stack     at runCallback (timers.js:810:20)
10 verbose stack     at tryOnImmediate (timers.js:768:5)
10 verbose stack     at processImmediate [as _immediateCallback] (timers.js:745:5)
11 verbose cwd /home/ubuntu
12 verbose Linux 4.4.0-1065-aws
13 verbose argv "/usr/bin/node" "/usr/bin/npm" "install" "--save" "sequlize"
14 verbose node v8.11.4
15 verbose npm  v5.6.0
16 error code E404
17 error 404 Not Found: sequlize@latest
18 verbose exit [ 1, true ]
