0 info it worked if it ends with ok
1 verbose cli [ '/usr/bin/node', '/usr/bin/npm', 'install', '--save', 'express' ]
2 info using npm@5.6.0
3 info using node@v8.11.4
4 verbose config Skipping project config: /home/ubuntu/.npmrc. (matches userconfig)
5 verbose npm-session f7e553705b16b0c2
6 silly install loadCurrentTree
7 silly install readLocalPackageData
8 http fetch GET 304 https://registry.npmjs.org/express 78ms (from cache)
9 silly pacote range manifest for express@^4.16.3 fetched in 104ms
10 silly install loadIdealTree
11 silly install cloneCurrentTreeToIdealTree
12 silly install loadShrinkwrap
13 silly install loadAllDepsIntoIdealTree
14 silly resolveWithNewModule express@4.16.3 checking installable status
15 http fetch GET 304 https://registry.npmjs.org/accepts 65ms (from cache)
16 silly pacote range manifest for accepts@~1.3.5 fetched in 66ms
17 silly resolveWithNewModule accepts@1.3.5 checking installable status
18 http fetch GET 304 https://registry.npmjs.org/content-disposition 98ms (from cache)
19 http fetch GET 304 https://registry.npmjs.org/depd 96ms (from cache)
20 http fetch GET 304 https://registry.npmjs.org/debug 99ms (from cache)
21 silly pacote version manifest for content-disposition@0.5.2 fetched in 104ms
22 silly resolveWithNewModule content-disposition@0.5.2 checking installable status
23 silly pacote range manifest for depd@~1.1.2 fetched in 103ms
24 silly resolveWithNewModule depd@1.1.2 checking installable status
25 silly pacote version manifest for debug@2.6.9 fetched in 105ms
26 silly resolveWithNewModule debug@2.6.9 checking installable status
27 http fetch GET 304 https://registry.npmjs.org/escape-html 43ms (from cache)
28 http fetch GET 304 https://registry.npmjs.org/cookie 112ms (from cache)
29 http fetch GET 304 https://registry.npmjs.org/encodeurl 110ms (from cache)
30 silly pacote range manifest for escape-html@~1.0.3 fetched in 50ms
31 silly resolveWithNewModule escape-html@1.0.3 checking installable status
32 silly pacote version manifest for cookie@0.3.1 fetched in 117ms
33 silly resolveWithNewModule cookie@0.3.1 checking installable status
34 silly pacote range manifest for encodeurl@~1.0.2 fetched in 117ms
35 silly resolveWithNewModule encodeurl@1.0.2 checking installable status
36 http fetch GET 304 https://registry.npmjs.org/array-flatten 123ms (from cache)
37 http fetch GET 304 https://registry.npmjs.org/body-parser 124ms (from cache)
38 http fetch GET 304 https://registry.npmjs.org/content-type 126ms (from cache)
39 http fetch GET 304 https://registry.npmjs.org/cookie-signature 125ms (from cache)
40 silly pacote version manifest for array-flatten@1.1.1 fetched in 138ms
41 silly resolveWithNewModule array-flatten@1.1.1 checking installable status
42 silly pacote version manifest for body-parser@1.18.2 fetched in 139ms
43 silly resolveWithNewModule body-parser@1.18.2 checking installable status
44 silly pacote range manifest for content-type@~1.0.4 fetched in 141ms
45 silly resolveWithNewModule content-type@1.0.4 checking installable status
46 silly pacote version manifest for cookie-signature@1.0.6 fetched in 141ms
47 silly resolveWithNewModule cookie-signature@1.0.6 checking installable status
48 http fetch GET 304 https://registry.npmjs.org/etag 68ms (from cache)
49 http fetch GET 304 https://registry.npmjs.org/finalhandler 69ms (from cache)
50 http fetch GET 304 https://registry.npmjs.org/fresh 67ms (from cache)
51 http fetch GET 304 https://registry.npmjs.org/merge-descriptors 60ms (from cache)
52 http fetch GET 304 https://registry.npmjs.org/methods 58ms (from cache)
53 silly pacote range manifest for etag@~1.8.1 fetched in 74ms
54 silly resolveWithNewModule etag@1.8.1 checking installable status
55 silly pacote version manifest for finalhandler@1.1.1 fetched in 75ms
56 silly resolveWithNewModule finalhandler@1.1.1 checking installable status
57 silly pacote version manifest for fresh@0.5.2 fetched in 74ms
58 silly resolveWithNewModule fresh@0.5.2 checking installable status
59 http fetch GET 304 https://registry.npmjs.org/on-finished 64ms (from cache)
60 silly pacote version manifest for merge-descriptors@1.0.1 fetched in 68ms
61 silly resolveWithNewModule merge-descriptors@1.0.1 checking installable status
62 silly pacote range manifest for methods@~1.1.2 fetched in 66ms
63 silly resolveWithNewModule methods@1.1.2 checking installable status
64 silly pacote range manifest for on-finished@~2.3.0 fetched in 81ms
65 silly resolveWithNewModule on-finished@2.3.0 checking installable status
66 http fetch GET 304 https://registry.npmjs.org/parseurl 69ms (from cache)
67 http fetch GET 304 https://registry.npmjs.org/path-to-regexp 69ms (from cache)
68 silly pacote range manifest for parseurl@~1.3.2 fetched in 72ms
69 silly resolveWithNewModule parseurl@1.3.2 checking installable status
70 http fetch GET 304 https://registry.npmjs.org/proxy-addr 72ms (from cache)
71 silly pacote version manifest for path-to-regexp@0.1.7 fetched in 75ms
72 silly resolveWithNewModule path-to-regexp@0.1.7 checking installable status
73 http fetch GET 304 https://registry.npmjs.org/qs 73ms (from cache)
74 silly pacote range manifest for proxy-addr@~2.0.3 fetched in 81ms
75 silly resolveWithNewModule proxy-addr@2.0.4 checking installable status
76 silly pacote version manifest for qs@6.5.1 fetched in 85ms
77 silly resolveWithNewModule qs@6.5.1 checking installable status
78 http fetch GET 304 https://registry.npmjs.org/range-parser 64ms (from cache)
79 http fetch GET 304 https://registry.npmjs.org/safe-buffer 63ms (from cache)
80 http fetch GET 304 https://registry.npmjs.org/send 63ms (from cache)
81 http fetch GET 304 https://registry.npmjs.org/serve-static 62ms (from cache)
82 http fetch GET 304 https://registry.npmjs.org/setprototypeof 58ms (from cache)
83 silly pacote range manifest for range-parser@~1.2.0 fetched in 70ms
84 silly resolveWithNewModule range-parser@1.2.0 checking installable status
85 http fetch GET 304 https://registry.npmjs.org/statuses 49ms (from cache)
86 silly pacote version manifest for safe-buffer@5.1.1 fetched in 68ms
87 silly resolveWithNewModule safe-buffer@5.1.1 checking installable status
88 silly pacote version manifest for send@0.16.2 fetched in 69ms
89 silly resolveWithNewModule send@0.16.2 checking installable status
90 silly pacote version manifest for serve-static@1.13.2 fetched in 68ms
91 silly resolveWithNewModule serve-static@1.13.2 checking installable status
92 silly pacote version manifest for setprototypeof@1.1.0 fetched in 63ms
93 silly resolveWithNewModule setprototypeof@1.1.0 checking installable status
94 silly pacote range manifest for statuses@~1.4.0 fetched in 54ms
95 silly resolveWithNewModule statuses@1.4.0 checking installable status
96 http fetch GET 304 https://registry.npmjs.org/type-is 45ms (from cache)
97 silly pacote range manifest for type-is@~1.6.16 fetched in 47ms
98 silly resolveWithNewModule type-is@1.6.16 checking installable status
99 http fetch GET 304 https://registry.npmjs.org/utils-merge 44ms (from cache)
100 silly pacote version manifest for utils-merge@1.0.1 fetched in 45ms
101 silly resolveWithNewModule utils-merge@1.0.1 checking installable status
102 http fetch GET 304 https://registry.npmjs.org/vary 38ms (from cache)
103 silly pacote range manifest for vary@~1.1.2 fetched in 39ms
104 silly resolveWithNewModule vary@1.1.2 checking installable status
105 http fetch GET 304 https://registry.npmjs.org/mime-types 33ms (from cache)
106 http fetch GET 304 https://registry.npmjs.org/negotiator 33ms (from cache)
107 silly pacote range manifest for mime-types@~2.1.18 fetched in 34ms
108 silly resolveWithNewModule mime-types@2.1.20 checking installable status
109 silly pacote version manifest for negotiator@0.6.1 fetched in 35ms
110 silly resolveWithNewModule negotiator@0.6.1 checking installable status
111 http fetch GET 304 https://registry.npmjs.org/mime-db 18ms (from cache)
112 silly pacote range manifest for mime-db@~1.36.0 fetched in 19ms
113 silly resolveWithNewModule mime-db@1.36.0 checking installable status
114 http fetch GET 304 https://registry.npmjs.org/iconv-lite 31ms (from cache)
115 http fetch GET 304 https://registry.npmjs.org/bytes 32ms (from cache)
116 http fetch GET 304 https://registry.npmjs.org/http-errors 32ms (from cache)
117 silly pacote version manifest for iconv-lite@0.4.19 fetched in 33ms
118 silly resolveWithNewModule iconv-lite@0.4.19 checking installable status
119 silly pacote version manifest for bytes@3.0.0 fetched in 35ms
120 silly resolveWithNewModule bytes@3.0.0 checking installable status
121 silly pacote range manifest for http-errors@~1.6.2 fetched in 35ms
122 silly resolveWithNewModule http-errors@1.6.3 checking installable status
123 http fetch GET 304 https://registry.npmjs.org/raw-body 36ms (from cache)
124 silly pacote version manifest for raw-body@2.3.2 fetched in 37ms
125 silly resolveWithNewModule raw-body@2.3.2 checking installable status
126 http fetch GET 304 https://registry.npmjs.org/ms 17ms (from cache)
127 silly pacote version manifest for ms@2.0.0 fetched in 18ms
128 silly resolveWithNewModule ms@2.0.0 checking installable status
129 http fetch GET 304 https://registry.npmjs.org/inherits 24ms (from cache)
130 silly pacote version manifest for inherits@2.0.3 fetched in 24ms
131 silly resolveWithNewModule inherits@2.0.3 checking installable status
132 http fetch GET 304 https://registry.npmjs.org/ee-first 19ms (from cache)
133 silly pacote version manifest for ee-first@1.1.1 fetched in 19ms
134 silly resolveWithNewModule ee-first@1.1.1 checking installable status
135 silly pacote version manifest for http-errors@1.6.2 fetched in 1ms
136 silly resolveWithNewModule http-errors@1.6.2 checking installable status
137 http fetch GET 304 https://registry.npmjs.org/unpipe 18ms (from cache)
138 silly pacote version manifest for unpipe@1.0.0 fetched in 19ms
139 silly resolveWithNewModule unpipe@1.0.0 checking installable status
140 silly pacote version manifest for depd@1.1.1 fetched in 1ms
141 silly resolveWithNewModule depd@1.1.1 checking installable status
142 silly pacote version manifest for setprototypeof@1.0.3 fetched in 2ms
143 silly resolveWithNewModule setprototypeof@1.0.3 checking installable status
144 http fetch GET 304 https://registry.npmjs.org/media-typer 14ms (from cache)
145 silly pacote version manifest for media-typer@0.3.0 fetched in 15ms
146 silly resolveWithNewModule media-typer@0.3.0 checking installable status
147 http fetch GET 304 https://registry.npmjs.org/ipaddr.js 21ms (from cache)
148 silly pacote version manifest for ipaddr.js@1.8.0 fetched in 22ms
149 silly resolveWithNewModule ipaddr.js@1.8.0 checking installable status
150 http fetch GET 304 https://registry.npmjs.org/forwarded 35ms (from cache)
151 silly pacote range manifest for forwarded@~0.1.2 fetched in 36ms
152 silly resolveWithNewModule forwarded@0.1.2 checking installable status
153 http fetch GET 304 https://registry.npmjs.org/destroy 18ms (from cache)
154 silly pacote range manifest for destroy@~1.0.4 fetched in 19ms
155 silly resolveWithNewModule destroy@1.0.4 checking installable status
156 http fetch GET 304 https://registry.npmjs.org/mime 20ms (from cache)
157 silly pacote version manifest for mime@1.4.1 fetched in 20ms
158 silly resolveWithNewModule mime@1.4.1 checking installable status
159 silly currentTree inhibitor@1.0.0
160 silly idealTree inhibitor@1.0.0
160 silly idealTree ├── accepts@1.3.5
160 silly idealTree ├── array-flatten@1.1.1
160 silly idealTree ├── bytes@3.0.0
160 silly idealTree ├── content-disposition@0.5.2
160 silly idealTree ├── content-type@1.0.4
160 silly idealTree ├── cookie-signature@1.0.6
160 silly idealTree ├── cookie@0.3.1
160 silly idealTree ├── debug@2.6.9
160 silly idealTree ├── depd@1.1.2
160 silly idealTree ├── destroy@1.0.4
160 silly idealTree ├── ee-first@1.1.1
160 silly idealTree ├── encodeurl@1.0.2
160 silly idealTree ├── escape-html@1.0.3
160 silly idealTree ├── etag@1.8.1
160 silly idealTree ├─┬ express@4.16.3
160 silly idealTree │ └── body-parser@1.18.2
160 silly idealTree ├── finalhandler@1.1.1
160 silly idealTree ├── forwarded@0.1.2
160 silly idealTree ├── fresh@0.5.2
160 silly idealTree ├── http-errors@1.6.3
160 silly idealTree ├── iconv-lite@0.4.19
160 silly idealTree ├── inherits@2.0.3
160 silly idealTree ├── ipaddr.js@1.8.0
160 silly idealTree ├── media-typer@0.3.0
160 silly idealTree ├── merge-descriptors@1.0.1
160 silly idealTree ├── methods@1.1.2
160 silly idealTree ├── mime-db@1.36.0
160 silly idealTree ├── mime-types@2.1.20
160 silly idealTree ├── mime@1.4.1
160 silly idealTree ├── ms@2.0.0
160 silly idealTree ├── negotiator@0.6.1
160 silly idealTree ├── on-finished@2.3.0
160 silly idealTree ├── parseurl@1.3.2
160 silly idealTree ├── path-to-regexp@0.1.7
160 silly idealTree ├── proxy-addr@2.0.4
160 silly idealTree ├── qs@6.5.1
160 silly idealTree ├── range-parser@1.2.0
160 silly idealTree ├─┬ raw-body@2.3.2
160 silly idealTree │ ├── depd@1.1.1
160 silly idealTree │ ├── http-errors@1.6.2
160 silly idealTree │ └── setprototypeof@1.0.3
160 silly idealTree ├── safe-buffer@5.1.1
160 silly idealTree ├── send@0.16.2
160 silly idealTree ├── serve-static@1.13.2
160 silly idealTree ├── setprototypeof@1.1.0
160 silly idealTree ├── statuses@1.4.0
160 silly idealTree ├── type-is@1.6.16
160 silly idealTree ├── unpipe@1.0.0
160 silly idealTree ├── utils-merge@1.0.1
160 silly idealTree └── vary@1.1.2
161 silly install generateActionsToTake
162 warn checkPermissions Missing write access to /home/ubuntu/node_modules
163 silly saveTree inhibitor@1.0.0
163 silly saveTree └─┬ express@4.16.3
163 silly saveTree   ├─┬ accepts@1.3.5
163 silly saveTree   │ ├─┬ mime-types@2.1.20
163 silly saveTree   │ │ └── mime-db@1.36.0
163 silly saveTree   │ └── negotiator@0.6.1
163 silly saveTree   ├── array-flatten@1.1.1
163 silly saveTree   ├─┬ body-parser@1.18.2
163 silly saveTree   │ ├── bytes@3.0.0
163 silly saveTree   │ ├── content-type@1.0.4
163 silly saveTree   │ ├─┬ debug@2.6.9
163 silly saveTree   │ │ └── ms@2.0.0
163 silly saveTree   │ ├── depd@1.1.2
163 silly saveTree   │ ├─┬ http-errors@1.6.3
163 silly saveTree   │ │ ├── inherits@2.0.3
163 silly saveTree   │ │ ├── setprototypeof@1.1.0
163 silly saveTree   │ │ └── statuses@1.4.0
163 silly saveTree   │ ├── iconv-lite@0.4.19
163 silly saveTree   │ ├─┬ on-finished@2.3.0
163 silly saveTree   │ │ └── ee-first@1.1.1
163 silly saveTree   │ ├── qs@6.5.1
163 silly saveTree   │ ├─┬ raw-body@2.3.2
163 silly saveTree   │ │ ├─┬ http-errors@1.6.2
163 silly saveTree   │ │ │ ├── depd@1.1.1
163 silly saveTree   │ │ │ └── setprototypeof@1.0.3
163 silly saveTree   │ │ └── unpipe@1.0.0
163 silly saveTree   │ └─┬ type-is@1.6.16
163 silly saveTree   │   └── media-typer@0.3.0
163 silly saveTree   ├── content-disposition@0.5.2
163 silly saveTree   ├── content-type@1.0.4
163 silly saveTree   ├── cookie-signature@1.0.6
163 silly saveTree   ├── cookie@0.3.1
163 silly saveTree   ├── debug@2.6.9
163 silly saveTree   ├── depd@1.1.2
163 silly saveTree   ├── encodeurl@1.0.2
163 silly saveTree   ├── escape-html@1.0.3
163 silly saveTree   ├── etag@1.8.1
163 silly saveTree   ├─┬ finalhandler@1.1.1
163 silly saveTree   │ └── parseurl@1.3.2
163 silly saveTree   ├── fresh@0.5.2
163 silly saveTree   ├── merge-descriptors@1.0.1
163 silly saveTree   ├── methods@1.1.2
163 silly saveTree   ├── on-finished@2.3.0
163 silly saveTree   ├── parseurl@1.3.2
163 silly saveTree   ├── path-to-regexp@0.1.7
163 silly saveTree   ├─┬ proxy-addr@2.0.4
163 silly saveTree   │ ├── forwarded@0.1.2
163 silly saveTree   │ └── ipaddr.js@1.8.0
163 silly saveTree   ├── qs@6.5.1
163 silly saveTree   ├── range-parser@1.2.0
163 silly saveTree   ├── safe-buffer@5.1.1
163 silly saveTree   ├─┬ send@0.16.2
163 silly saveTree   │ ├── destroy@1.0.4
163 silly saveTree   │ └── mime@1.4.1
163 silly saveTree   ├── serve-static@1.13.2
163 silly saveTree   ├── setprototypeof@1.1.0
163 silly saveTree   ├── statuses@1.4.0
163 silly saveTree   ├── type-is@1.6.16
163 silly saveTree   ├── utils-merge@1.0.1
163 silly saveTree   └── vary@1.1.2
164 warn inhibitor@1.0.0 No description
165 warn inhibitor@1.0.0 No repository field.
166 verbose stack Error: EACCES: permission denied, access '/home/ubuntu/node_modules'
167 verbose cwd /home/ubuntu
168 verbose Linux 4.4.0-1065-aws
169 verbose argv "/usr/bin/node" "/usr/bin/npm" "install" "--save" "express"
170 verbose node v8.11.4
171 verbose npm  v5.6.0
172 error path /home/ubuntu/node_modules
173 error code EACCES
174 error errno -13
175 error syscall access
176 error Error: EACCES: permission denied, access '/home/ubuntu/node_modules'
176 error  { Error: EACCES: permission denied, access '/home/ubuntu/node_modules'
176 error   stack: 'Error: EACCES: permission denied, access \'/home/ubuntu/node_modules\'',
176 error   errno: -13,
176 error   code: 'EACCES',
176 error   syscall: 'access',
176 error   path: '/home/ubuntu/node_modules' }
177 error Please try running this command again as root/Administrator.
178 verbose exit [ -13, true ]
